<?xml version="1.0" encoding="UTF-8"?>
<coverage generated="1654588427841" clover="3.2.0">
  <project timestamp="1654588427841" name="All files">
    <metrics statements="30" coveredstatements="24" conditionals="4" coveredconditionals="2" methods="6" coveredmethods="3" elements="40" coveredelements="29" complexity="0" loc="30" ncloc="30" packages="4" files="16" classes="16"/>
    <package name="src">
      <metrics statements="18" coveredstatements="12" conditionals="4" coveredconditionals="2" methods="6" coveredmethods="3"/>
      <file name="constant.js" path="/Users/mustafazenbil/Desktop/projects/kariyer-case/src/constant.js">
        <metrics statements="4" coveredstatements="4" conditionals="0" coveredconditionals="0" methods="0" coveredmethods="0"/>
        <line num="1" count="12" type="stmt"/>
        <line num="6" count="12" type="stmt"/>
        <line num="12" count="12" type="stmt"/>
        <line num="20" count="12" type="stmt"/>
      </file>
      <file name="helper.js" path="/Users/mustafazenbil/Desktop/projects/kariyer-case/src/helper.js">
        <metrics statements="14" coveredstatements="8" conditionals="4" coveredconditionals="2" methods="6" coveredmethods="3"/>
        <line num="2" count="3" type="cond" truecount="1" falsecount="1"/>
        <line num="3" count="3" type="cond" truecount="1" falsecount="1"/>
        <line num="4" count="3" type="stmt"/>
        <line num="5" count="3" type="stmt"/>
        <line num="6" count="3" type="stmt"/>
        <line num="9" count="9" type="stmt"/>
        <line num="10" count="9" type="stmt"/>
        <line num="13" count="12" type="stmt"/>
        <line num="16" count="0" type="stmt"/>
        <line num="17" count="0" type="stmt"/>
        <line num="18" count="0" type="stmt"/>
        <line num="20" count="0" type="stmt"/>
        <line num="23" count="0" type="stmt"/>
        <line num="24" count="0" type="stmt"/>
      </file>
    </package>
    <package name="src.components">
      <metrics statements="2" coveredstatements="2" conditionals="0" coveredconditionals="0" methods="0" coveredmethods="0"/>
      <file name="Filter.vue" path="/Users/mustafazenbil/Desktop/projects/kariyer-case/src/components/Filter.vue">
        <metrics statements="1" coveredstatements="1" conditionals="0" coveredconditionals="0" methods="0" coveredmethods="0"/>
        <line num="9" count="5" type="stmt"/>
      </file>
      <file name="Job.vue" path="/Users/mustafazenbil/Desktop/projects/kariyer-case/src/components/Job.vue">
        <metrics statements="1" coveredstatements="1" conditionals="0" coveredconditionals="0" methods="0" coveredmethods="0"/>
        <line num="15" count="5" type="stmt"/>
      </file>
      <file name="index.js" path="/Users/mustafazenbil/Desktop/projects/kariyer-case/src/components/index.js">
        <metrics statements="0" coveredstatements="0" conditionals="0" coveredconditionals="0" methods="0" coveredmethods="0"/>
      </file>
    </package>
    <package name="src.components.ui">
      <metrics statements="7" coveredstatements="7" conditionals="0" coveredconditionals="0" methods="0" coveredmethods="0"/>
      <file name="Button.vue" path="/Users/mustafazenbil/Desktop/projects/kariyer-case/src/components/ui/Button.vue">
        <metrics statements="1" coveredstatements="1" conditionals="0" coveredconditionals="0" methods="0" coveredmethods="0"/>
        <line num="8" count="6" type="stmt"/>
      </file>
      <file name="Header.vue" path="/Users/mustafazenbil/Desktop/projects/kariyer-case/src/components/ui/Header.vue">
        <metrics statements="1" coveredstatements="1" conditionals="0" coveredconditionals="0" methods="0" coveredmethods="0"/>
        <line num="15" count="6" type="stmt"/>
      </file>
      <file name="HeaderItem.vue" path="/Users/mustafazenbil/Desktop/projects/kariyer-case/src/components/ui/HeaderItem.vue">
        <metrics statements="1" coveredstatements="1" conditionals="0" coveredconditionals="0" methods="0" coveredmethods="0"/>
        <line num="8" count="5" type="stmt"/>
      </file>
      <file name="NoResult.vue" path="/Users/mustafazenbil/Desktop/projects/kariyer-case/src/components/ui/NoResult.vue">
        <metrics statements="1" coveredstatements="1" conditionals="0" coveredconditionals="0" methods="0" coveredmethods="0"/>
        <line num="9" count="6" type="stmt"/>
      </file>
      <file name="Pagination.vue" path="/Users/mustafazenbil/Desktop/projects/kariyer-case/src/components/ui/Pagination.vue">
        <metrics statements="1" coveredstatements="1" conditionals="0" coveredconditionals="0" methods="0" coveredmethods="0"/>
        <line num="10" count="6" type="stmt"/>
      </file>
      <file name="PaginationItem.vue" path="/Users/mustafazenbil/Desktop/projects/kariyer-case/src/components/ui/PaginationItem.vue">
        <metrics statements="1" coveredstatements="1" conditionals="0" coveredconditionals="0" methods="0" coveredmethods="0"/>
        <line num="8" count="6" type="stmt"/>
      </file>
      <file name="Select.vue" path="/Users/mustafazenbil/Desktop/projects/kariyer-case/src/components/ui/Select.vue">
        <metrics statements="1" coveredstatements="1" conditionals="0" coveredconditionals="0" methods="0" coveredmethods="0"/>
        <line num="11" count="6" type="stmt"/>
      </file>
      <file name="index.js" path="/Users/mustafazenbil/Desktop/projects/kariyer-case/src/components/ui/index.js">
        <metrics statements="0" coveredstatements="0" conditionals="0" coveredconditionals="0" methods="0" coveredmethods="0"/>
      </file>
    </package>
    <package name="src.pages">
      <metrics statements="3" coveredstatements="3" conditionals="0" coveredconditionals="0" methods="0" coveredmethods="0"/>
      <file name="Detail.vue" path="/Users/mustafazenbil/Desktop/projects/kariyer-case/src/pages/Detail.vue">
        <metrics statements="1" coveredstatements="1" conditionals="0" coveredconditionals="0" methods="0" coveredmethods="0"/>
        <line num="15" count="4" type="stmt"/>
      </file>
      <file name="Home.vue" path="/Users/mustafazenbil/Desktop/projects/kariyer-case/src/pages/Home.vue">
        <metrics statements="1" coveredstatements="1" conditionals="0" coveredconditionals="0" methods="0" coveredmethods="0"/>
        <line num="22" count="4" type="stmt"/>
      </file>
      <file name="List.vue" path="/Users/mustafazenbil/Desktop/projects/kariyer-case/src/pages/List.vue">
        <metrics statements="1" coveredstatements="1" conditionals="0" coveredconditionals="0" methods="0" coveredmethods="0"/>
        <line num="56" count="4" type="stmt"/>
      </file>
    </package>
  </project>
</coverage>
