{"/Users/mustafazenbil/Desktop/projects/kariyer-case/src/constant.js": {"path":"/Users/mustafazenbil/Desktop/projects/kariyer-case/src/constant.js","statementMap":{"0":{"start":{"line":1,"column":14},"end":{"line":4,"column":1}},"1":{"start":{"line":6,"column":16},"end":{"line":10,"column":1}},"2":{"start":{"line":12,"column":18},"end":{"line":18,"column":1}},"3":{"start":{"line":20,"column":15},"end":{"line":24,"column":1}}},"fnMap":{},"branchMap":{},"s":{"0":12,"1":12,"2":12,"3":12},"f":{},"b":{},"_coverageSchema":"1a1c01bbd47fc00a2c39e90264f33305004495a9","hash":"343498290ef4a766be448a553eceb3e6a2aa7fcc"}
,"/Users/mustafazenbil/Desktop/projects/kariyer-case/src/helper.js": {"path":"/Users/mustafazenbil/Desktop/projects/kariyer-case/src/helper.js","statementMap":{"0":{"start":{"line":2,"column":13},"end":{"line":2,"column":30}},"1":{"start":{"line":3,"column":17},"end":{"line":3,"column":37}},"2":{"start":{"line":4,"column":15},"end":{"line":4,"column":36}},"3":{"start":{"line":5,"column":23},"end":{"line":5,"column":67}},"4":{"start":{"line":6,"column":2},"end":{"line":6,"column":24}},"5":{"start":{"line":9,"column":2},"end":{"line":11,"column":5}},"6":{"start":{"line":10,"column":4},"end":{"line":10,"column":28}},"7":{"start":{"line":13,"column":17},"end":{"line":26,"column":1}},"8":{"start":{"line":16,"column":2},"end":{"line":25,"column":4}},"9":{"start":{"line":17,"column":18},"end":{"line":21,"column":5}},"10":{"start":{"line":18,"column":6},"end":{"line":18,"column":21}},"11":{"start":{"line":20,"column":6},"end":{"line":20,"column":20}},"12":{"start":{"line":23,"column":4},"end":{"line":23,"column":26}},"13":{"start":{"line":24,"column":4},"end":{"line":24,"column":38}}},"fnMap":{"0":{"name":"paginator","decl":{"start":{"line":1,"column":9},"end":{"line":1,"column":18}},"loc":{"start":{"line":1,"column":56},"end":{"line":7,"column":1}},"line":1},"1":{"name":"wait","decl":{"start":{"line":8,"column":9},"end":{"line":8,"column":13}},"loc":{"start":{"line":8,"column":18},"end":{"line":12,"column":1}},"line":8},"2":{"name":"(anonymous_2)","decl":{"start":{"line":9,"column":21},"end":{"line":9,"column":22}},"loc":{"start":{"line":9,"column":34},"end":{"line":11,"column":3}},"line":9},"3":{"name":"(anonymous_3)","decl":{"start":{"line":13,"column":17},"end":{"line":13,"column":18}},"loc":{"start":{"line":13,"column":33},"end":{"line":26,"column":1}},"line":13},"4":{"name":"executedFunction","decl":{"start":{"line":16,"column":18},"end":{"line":16,"column":34}},"loc":{"start":{"line":16,"column":44},"end":{"line":25,"column":3}},"line":16},"5":{"name":"(anonymous_5)","decl":{"start":{"line":17,"column":18},"end":{"line":17,"column":19}},"loc":{"start":{"line":17,"column":24},"end":{"line":21,"column":5}},"line":17}},"branchMap":{"0":{"loc":{"start":{"line":2,"column":13},"end":{"line":2,"column":30}},"type":"binary-expr","locations":[{"start":{"line":2,"column":13},"end":{"line":2,"column":25}},{"start":{"line":2,"column":29},"end":{"line":2,"column":30}}],"line":2},"1":{"loc":{"start":{"line":3,"column":17},"end":{"line":3,"column":37}},"type":"binary-expr","locations":[{"start":{"line":3,"column":17},"end":{"line":3,"column":31}},{"start":{"line":3,"column":35},"end":{"line":3,"column":37}}],"line":3}},"s":{"0":3,"1":3,"2":3,"3":3,"4":3,"5":9,"6":9,"7":12,"8":0,"9":0,"10":0,"11":0,"12":0,"13":0},"f":{"0":3,"1":9,"2":9,"3":0,"4":0,"5":0},"b":{"0":[3,0],"1":[3,0]},"_coverageSchema":"1a1c01bbd47fc00a2c39e90264f33305004495a9","hash":"5932ff6d0986042def23ee051702345f655f78c7"}
,"/Users/mustafazenbil/Desktop/projects/kariyer-case/src/components/Filter.vue": {"path":"/Users/mustafazenbil/Desktop/projects/kariyer-case/src/components/Filter.vue","statementMap":{"0":{"start":{"line":9,"column":15},"end":{"line":9,"column":null}}},"fnMap":{},"branchMap":{},"s":{"0":5},"f":{},"b":{}}
,"/Users/mustafazenbil/Desktop/projects/kariyer-case/src/components/Job.vue": {"path":"/Users/mustafazenbil/Desktop/projects/kariyer-case/src/components/Job.vue","statementMap":{"0":{"start":{"line":15,"column":15},"end":{"line":15,"column":17}},"1":{"start":{"line":15,"column":20},"end":{"line":15,"column":null}}},"fnMap":{},"branchMap":{},"s":{"0":5,"1":5},"f":{},"b":{}}
,"/Users/mustafazenbil/Desktop/projects/kariyer-case/src/components/index.js": {"path":"/Users/mustafazenbil/Desktop/projects/kariyer-case/src/components/index.js","statementMap":{},"fnMap":{},"branchMap":{},"s":{},"f":{},"b":{},"_coverageSchema":"1a1c01bbd47fc00a2c39e90264f33305004495a9","hash":"88af73501d2988ae70dde39d6bbd156d38a51cac"}
,"/Users/mustafazenbil/Desktop/projects/kariyer-case/src/components/ui/Button.vue": {"path":"/Users/mustafazenbil/Desktop/projects/kariyer-case/src/components/ui/Button.vue","statementMap":{"0":{"start":{"line":8,"column":15},"end":{"line":8,"column":null}}},"fnMap":{},"branchMap":{},"s":{"0":6},"f":{},"b":{}}
,"/Users/mustafazenbil/Desktop/projects/kariyer-case/src/components/ui/Header.vue": {"path":"/Users/mustafazenbil/Desktop/projects/kariyer-case/src/components/ui/Header.vue","statementMap":{"0":{"start":{"line":15,"column":15},"end":{"line":15,"column":null}}},"fnMap":{},"branchMap":{},"s":{"0":6},"f":{},"b":{}}
,"/Users/mustafazenbil/Desktop/projects/kariyer-case/src/components/ui/HeaderItem.vue": {"path":"/Users/mustafazenbil/Desktop/projects/kariyer-case/src/components/ui/HeaderItem.vue","statementMap":{"0":{"start":{"line":8,"column":15},"end":{"line":8,"column":null}}},"fnMap":{},"branchMap":{},"s":{"0":5},"f":{},"b":{}}
,"/Users/mustafazenbil/Desktop/projects/kariyer-case/src/components/ui/NoResult.vue": {"path":"/Users/mustafazenbil/Desktop/projects/kariyer-case/src/components/ui/NoResult.vue","statementMap":{"0":{"start":{"line":9,"column":15},"end":{"line":9,"column":null}}},"fnMap":{},"branchMap":{},"s":{"0":6},"f":{},"b":{}}
,"/Users/mustafazenbil/Desktop/projects/kariyer-case/src/components/ui/Pagination.vue": {"path":"/Users/mustafazenbil/Desktop/projects/kariyer-case/src/components/ui/Pagination.vue","statementMap":{"0":{"start":{"line":10,"column":15},"end":{"line":10,"column":null}}},"fnMap":{},"branchMap":{},"s":{"0":6},"f":{},"b":{}}
,"/Users/mustafazenbil/Desktop/projects/kariyer-case/src/components/ui/PaginationItem.vue": {"path":"/Users/mustafazenbil/Desktop/projects/kariyer-case/src/components/ui/PaginationItem.vue","statementMap":{"0":{"start":{"line":8,"column":15},"end":{"line":8,"column":null}}},"fnMap":{},"branchMap":{},"s":{"0":6},"f":{},"b":{}}
,"/Users/mustafazenbil/Desktop/projects/kariyer-case/src/components/ui/Select.vue": {"path":"/Users/mustafazenbil/Desktop/projects/kariyer-case/src/components/ui/Select.vue","statementMap":{"0":{"start":{"line":11,"column":15},"end":{"line":11,"column":17}},"1":{"start":{"line":11,"column":20},"end":{"line":11,"column":null}}},"fnMap":{},"branchMap":{},"s":{"0":6,"1":6},"f":{},"b":{}}
,"/Users/mustafazenbil/Desktop/projects/kariyer-case/src/components/ui/index.js": {"path":"/Users/mustafazenbil/Desktop/projects/kariyer-case/src/components/ui/index.js","statementMap":{},"fnMap":{},"branchMap":{},"s":{},"f":{},"b":{},"_coverageSchema":"1a1c01bbd47fc00a2c39e90264f33305004495a9","hash":"f60a24fe833be46aaa0f50792f28b8ccd880311e"}
,"/Users/mustafazenbil/Desktop/projects/kariyer-case/src/pages/Detail.vue": {"path":"/Users/mustafazenbil/Desktop/projects/kariyer-case/src/pages/Detail.vue","statementMap":{"0":{"start":{"line":15,"column":15},"end":{"line":15,"column":17}},"1":{"start":{"line":15,"column":20},"end":{"line":15,"column":null}}},"fnMap":{},"branchMap":{},"s":{"0":4,"1":4},"f":{},"b":{}}
,"/Users/mustafazenbil/Desktop/projects/kariyer-case/src/pages/Home.vue": {"path":"/Users/mustafazenbil/Desktop/projects/kariyer-case/src/pages/Home.vue","statementMap":{"0":{"start":{"line":22,"column":15},"end":{"line":22,"column":17}},"1":{"start":{"line":22,"column":20},"end":{"line":22,"column":null}}},"fnMap":{},"branchMap":{},"s":{"0":4,"1":4},"f":{},"b":{}}
,"/Users/mustafazenbil/Desktop/projects/kariyer-case/src/pages/List.vue": {"path":"/Users/mustafazenbil/Desktop/projects/kariyer-case/src/pages/List.vue","statementMap":{"0":{"start":{"line":56,"column":15},"end":{"line":56,"column":17}},"1":{"start":{"line":56,"column":20},"end":{"line":56,"column":null}}},"fnMap":{},"branchMap":{},"s":{"0":4,"1":4},"f":{},"b":{}}
}
