TN:
SF:src/constant.js
FNF:0
FNH:0
DA:1,12
DA:6,12
DA:12,12
DA:20,12
LF:4
LH:4
BRF:0
BRH:0
end_of_record
TN:
SF:src/helper.js
FN:1,paginator
FN:8,wait
FN:9,(anonymous_2)
FN:13,(anonymous_3)
FN:16,executedFunction
FN:17,(anonymous_5)
FNF:6
FNH:3
FNDA:3,paginator
FNDA:9,wait
FNDA:9,(anonymous_2)
FNDA:0,(anonymous_3)
FNDA:0,executedFunction
FNDA:0,(anonymous_5)
DA:2,3
DA:3,3
DA:4,3
DA:5,3
DA:6,3
DA:9,9
DA:10,9
DA:13,12
DA:16,0
DA:17,0
DA:18,0
DA:20,0
DA:23,0
DA:24,0
LF:14
LH:8
BRDA:2,0,0,3
BRDA:2,0,1,0
BRDA:3,1,0,3
BRDA:3,1,1,0
BRF:4
BRH:2
end_of_record
TN:
SF:src/components/Filter.vue
FNF:0
FNH:0
DA:9,5
LF:1
LH:1
BRF:0
BRH:0
end_of_record
TN:
SF:src/components/Job.vue
FNF:0
FNH:0
DA:15,5
LF:1
LH:1
BRF:0
BRH:0
end_of_record
TN:
SF:src/components/index.js
FNF:0
FNH:0
LF:0
LH:0
BRF:0
BRH:0
end_of_record
TN:
SF:src/components/ui/Button.vue
FNF:0
FNH:0
DA:8,6
LF:1
LH:1
BRF:0
BRH:0
end_of_record
TN:
SF:src/components/ui/Header.vue
FNF:0
FNH:0
DA:15,6
LF:1
LH:1
BRF:0
BRH:0
end_of_record
TN:
SF:src/components/ui/HeaderItem.vue
FNF:0
FNH:0
DA:8,5
LF:1
LH:1
BRF:0
BRH:0
end_of_record
TN:
SF:src/components/ui/NoResult.vue
FNF:0
FNH:0
DA:9,6
LF:1
LH:1
BRF:0
BRH:0
end_of_record
TN:
SF:src/components/ui/Pagination.vue
FNF:0
FNH:0
DA:10,6
LF:1
LH:1
BRF:0
BRH:0
end_of_record
TN:
SF:src/components/ui/PaginationItem.vue
FNF:0
FNH:0
DA:8,6
LF:1
LH:1
BRF:0
BRH:0
end_of_record
TN:
SF:src/components/ui/Select.vue
FNF:0
FNH:0
DA:11,6
LF:1
LH:1
BRF:0
BRH:0
end_of_record
TN:
SF:src/components/ui/index.js
FNF:0
FNH:0
LF:0
LH:0
BRF:0
BRH:0
end_of_record
TN:
SF:src/pages/Detail.vue
FNF:0
FNH:0
DA:15,4
LF:1
LH:1
BRF:0
BRH:0
end_of_record
TN:
SF:src/pages/Home.vue
FNF:0
FNH:0
DA:22,4
LF:1
LH:1
BRF:0
BRH:0
end_of_record
TN:
SF:src/pages/List.vue
FNF:0
FNH:0
DA:56,4
LF:1
LH:1
BRF:0
BRH:0
end_of_record
